2025-12-05 01:15:42,747 | INFO | XP_MT5_BOT | ================================================
2025-12-05 01:15:42,748 | INFO | XP_MT5_BOT | INICIANDO ROBÔ DE DAY TRADE AUTÔNOMO
2025-12-05 01:15:42,748 | INFO | XP_MT5_BOT | ================================================
2025-12-05 01:15:42,749 | INFO | XP_MT5_BOT | Gerenciador de Risco inicializado. SL: 30 pontos, TP: 40 pontos.
2025-12-05 01:15:42,749 | INFO | XP_MT5_BOT | Estratégia EMA Cross inicializada. EMA Rápida: 12, EMA Lenta: 20.
2025-12-05 01:15:42,750 | INFO | XP_MT5_BOT | Confirmador de Sinal inicializado. Filtro de Tendência: EMA 50. Filtro de Volume: 0% acima da média.
2025-12-05 01:15:42,755 | ERROR | XP_MT5_BOT | Parâmetros de risco inválidos ou incompletos. Usando volume 1.
2025-12-05 01:15:42,755 | INFO | XP_MT5_BOT | Executor inicializado para None em None. Volume de Contratos: 1
2025-12-05 01:15:42,755 | INFO | XP_MT5_BOT | Tentando conectar ao servidor de API da Corretora...
2025-12-05 01:15:43,768 | INFO | XP_MT5_BOT | Conexão com a API estabelecida com sucesso.
2025-12-05 01:15:43,769 | INFO | XP_MT5_BOT | Iniciando loop de execução autônomo. Pressione CTRL+C para parar.
2025-12-05 01:15:43,777 | INFO | XP_MT5_BOT | Preço Atual: 10007.66 | Sinal Primário: HOLD | Sinal FINAL: HOLD
2025-12-05 01:15:53,796 | INFO | XP_MT5_BOT | Preço Atual: 10048.80 | Sinal Primário: HOLD | Sinal FINAL: HOLD
2025-12-05 01:16:03,826 | INFO | XP_MT5_BOT | Preço Atual: 10036.18 | Sinal Primário: HOLD | Sinal FINAL: HOLD
2025-12-05 01:16:13,855 | INFO | XP_MT5_BOT | Preço Atual: 10049.37 | Sinal Primário: HOLD | Sinal FINAL: HOLD
2025-12-05 01:16:23,865 | INFO | XP_MT5_BOT | 👉 Compra rejeitada: ❌ Volume: Atual (1118) < Média + 0% (1214)
2025-12-05 01:16:23,866 | INFO | XP_MT5_BOT | Preço Atual: 10050.91 | Sinal Primário: BUY | Sinal FINAL: HOLD
2025-12-05 01:16:33,880 | INFO | XP_MT5_BOT | Preço Atual: 10028.31 | Sinal Primário: HOLD | Sinal FINAL: HOLD
2025-12-05 01:16:43,903 | INFO | XP_MT5_BOT | ✅ Sinal de COMPRA confirmado por TENDÊNCIA e VOLUME!
2025-12-05 01:16:43,904 | INFO | XP_MT5_BOT | Preço Atual: 10068.94 | Sinal Primário: BUY | Sinal FINAL: BUY
2025-12-05 01:16:43,905 | ERROR | XP_MT5_BOT | Erro Crítico no loop: unsupported operand type(s) for *: 'int' and 'NoneType'
2025-12-05 01:16:43,906 | INFO | XP_MT5_BOT | Robô encerrado.
2025-12-05 01:16:43,907 | INFO | XP_MT5_BOT | Programa finalizado com sucesso.
