2025-12-04 23:29:12,984 | INFO | XP_MT5_BOT | ================================================
2025-12-04 23:29:13,011 | INFO | XP_MT5_BOT | ================================================
2025-12-04 23:29:13,011 | INFO | XP_MT5_BOT | Gerenciador de Risco inicializado.
2025-12-04 23:29:13,012 | INFO | XP_MT5_BOT | Gerenciador de Risco inicializado.
2025-12-04 23:29:13,012 | WARNING | XP_MT5_BOT | Volume calculado (12) excede o limite máximo (5). Usando limite.
2025-12-04 23:29:13,012 | INFO | XP_MT5_BOT | SL: 20 pontos. Risco por contrato: R$ 4.00. Volume calculado: 5 contrato(s).
2025-12-04 23:29:13,012 | INFO | XP_MT5_BOT | Executor inicializado para WINJ25 em 60.
2025-12-04 23:29:13,012 | INFO | XP_MT5_BOT | Tentando conectar ao servidor de API da Corretora...
2025-12-04 23:29:14,016 | INFO | XP_MT5_BOT | Conexão com a API estabelecida com sucesso.
2025-12-04 23:29:14,017 | INFO | XP_MT5_BOT | Iniciando loop de execução autônomo. Pressione CTRL+C para parar.
2025-12-04 23:29:14,032 | INFO | XP_MT5_BOT | Preço Atual: 10052.49 | Sinal Gerado: BUY
2025-12-04 23:29:14,033 | INFO | XP_MT5_BOT | ORDEM ENVIADA VIA API: BUY 5x WINJ25. SL: 10032.49, TP: 10092.49
2025-12-04 23:29:14,034 | INFO | XP_MT5_BOT | Ordem de BUY executada. Posicionamento aguardando confirmação.
2025-12-04 23:29:14,034 | INFO | XP_MT5_BOT | Posição aberta. Monitorando SL/TP...
2025-12-04 23:29:24,056 | INFO | XP_MT5_BOT | Preço Atual: 10050.10 | Sinal Gerado: BUY
2025-12-04 23:29:24,057 | INFO | XP_MT5_BOT | Posição aberta. Monitorando SL/TP...
2025-12-04 23:29:34,067 | INFO | XP_MT5_BOT | Preço Atual: 10045.41 | Sinal Gerado: HOLD
2025-12-04 23:29:34,068 | INFO | XP_MT5_BOT | Posição aberta. Monitorando SL/TP...
2025-12-04 23:29:44,087 | INFO | XP_MT5_BOT | Preço Atual: 10053.51 | Sinal Gerado: HOLD
2025-12-04 23:29:44,088 | INFO | XP_MT5_BOT | Posição aberta. Monitorando SL/TP...
2025-12-04 23:29:54,109 | INFO | XP_MT5_BOT | Preço Atual: 10053.92 | Sinal Gerado: HOLD
2025-12-04 23:29:54,110 | INFO | XP_MT5_BOT | Posição aberta. Monitorando SL/TP...
2025-12-04 23:30:04,126 | INFO | XP_MT5_BOT | Preço Atual: 10051.51 | Sinal Gerado: BUY
2025-12-04 23:30:04,126 | INFO | XP_MT5_BOT | Posição aberta. Monitorando SL/TP...
2025-12-04 23:30:14,137 | INFO | XP_MT5_BOT | Preço Atual: 10053.74 | Sinal Gerado: BUY
2025-12-04 23:30:14,138 | INFO | XP_MT5_BOT | Posição aberta. Monitorando SL/TP...
2025-12-04 23:30:24,148 | INFO | XP_MT5_BOT | Preço Atual: 10053.50 | Sinal Gerado: BUY
2025-12-04 23:30:24,149 | INFO | XP_MT5_BOT | Posição aberta. Monitorando SL/TP...
2025-12-04 23:30:34,158 | INFO | XP_MT5_BOT | Preço Atual: 10046.44 | Sinal Gerado: BUY
2025-12-04 23:30:34,159 | INFO | XP_MT5_BOT | Posição aberta. Monitorando SL/TP...
2025-12-04 23:30:44,176 | INFO | XP_MT5_BOT | Preço Atual: 10050.37 | Sinal Gerado: HOLD
2025-12-04 23:30:44,177 | INFO | XP_MT5_BOT | Posição aberta. Monitorando SL/TP...
2025-12-04 23:30:54,188 | INFO | XP_MT5_BOT | Preço Atual: 10053.14 | Sinal Gerado: BUY
2025-12-04 23:30:54,189 | INFO | XP_MT5_BOT | Posição aberta. Monitorando SL/TP...
2025-12-04 23:31:04,204 | INFO | XP_MT5_BOT | Preço Atual: 10048.18 | Sinal Gerado: BUY
2025-12-04 23:31:04,204 | INFO | XP_MT5_BOT | Posição aberta. Monitorando SL/TP...
2025-12-04 23:31:14,227 | INFO | XP_MT5_BOT | Preço Atual: 10054.72 | Sinal Gerado: HOLD
2025-12-04 23:31:14,227 | INFO | XP_MT5_BOT | Posição aberta. Monitorando SL/TP...
2025-12-04 23:31:24,249 | INFO | XP_MT5_BOT | Preço Atual: 10046.95 | Sinal Gerado: BUY
2025-12-04 23:31:24,250 | INFO | XP_MT5_BOT | Posição aberta. Monitorando SL/TP...
2025-12-04 23:31:34,268 | INFO | XP_MT5_BOT | Preço Atual: 10047.16 | Sinal Gerado: HOLD
2025-12-04 23:31:34,268 | INFO | XP_MT5_BOT | Posição aberta. Monitorando SL/TP...
2025-12-04 23:31:44,279 | INFO | XP_MT5_BOT | Preço Atual: 10046.41 | Sinal Gerado: HOLD
2025-12-04 23:31:44,280 | INFO | XP_MT5_BOT | Posição aberta. Monitorando SL/TP...
2025-12-04 23:31:54,296 | INFO | XP_MT5_BOT | Preço Atual: 10046.24 | Sinal Gerado: BUY
2025-12-04 23:31:54,297 | INFO | XP_MT5_BOT | Posição aberta. Monitorando SL/TP...
2025-12-04 23:32:04,306 | INFO | XP_MT5_BOT | Preço Atual: 10054.08 | Sinal Gerado: HOLD
2025-12-04 23:32:04,307 | INFO | XP_MT5_BOT | Posição aberta. Monitorando SL/TP...
2025-12-04 23:32:14,321 | INFO | XP_MT5_BOT | Preço Atual: 10048.60 | Sinal Gerado: HOLD
2025-12-04 23:32:14,322 | INFO | XP_MT5_BOT | Posição aberta. Monitorando SL/TP...
2025-12-04 23:32:24,342 | INFO | XP_MT5_BOT | Preço Atual: 10053.23 | Sinal Gerado: HOLD
2025-12-04 23:32:24,342 | INFO | XP_MT5_BOT | Posição aberta. Monitorando SL/TP...
2025-12-04 23:32:34,350 | INFO | XP_MT5_BOT | Preço Atual: 10047.29 | Sinal Gerado: HOLD
2025-12-04 23:32:34,351 | INFO | XP_MT5_BOT | Posição aberta. Monitorando SL/TP...
2025-12-04 23:32:44,364 | INFO | XP_MT5_BOT | Preço Atual: 10047.28 | Sinal Gerado: HOLD
2025-12-04 23:32:44,365 | INFO | XP_MT5_BOT | Posição aberta. Monitorando SL/TP...
2025-12-04 23:32:54,376 | INFO | XP_MT5_BOT | Preço Atual: 10054.37 | Sinal Gerado: HOLD
2025-12-04 23:32:54,377 | INFO | XP_MT5_BOT | Posição aberta. Monitorando SL/TP...
2025-12-04 23:33:04,392 | INFO | XP_MT5_BOT | Preço Atual: 10054.83 | Sinal Gerado: HOLD
2025-12-04 23:33:04,393 | INFO | XP_MT5_BOT | Posição aberta. Monitorando SL/TP...
2025-12-04 23:33:14,407 | INFO | XP_MT5_BOT | Preço Atual: 10045.35 | Sinal Gerado: BUY
2025-12-04 23:33:14,408 | INFO | XP_MT5_BOT | Posição aberta. Monitorando SL/TP...
2025-12-04 23:33:24,416 | INFO | XP_MT5_BOT | Preço Atual: 10046.42 | Sinal Gerado: HOLD
2025-12-04 23:33:24,417 | INFO | XP_MT5_BOT | Posição aberta. Monitorando SL/TP...
2025-12-04 23:33:34,430 | INFO | XP_MT5_BOT | Preço Atual: 10054.34 | Sinal Gerado: BUY
2025-12-04 23:33:34,431 | INFO | XP_MT5_BOT | Posição aberta. Monitorando SL/TP...
2025-12-04 23:33:44,448 | INFO | XP_MT5_BOT | Preço Atual: 10046.47 | Sinal Gerado: BUY
2025-12-04 23:33:44,449 | INFO | XP_MT5_BOT | Posição aberta. Monitorando SL/TP...
2025-12-04 23:33:54,463 | INFO | XP_MT5_BOT | Preço Atual: 10048.57 | Sinal Gerado: HOLD
2025-12-04 23:33:54,464 | INFO | XP_MT5_BOT | Posição aberta. Monitorando SL/TP...
2025-12-04 23:34:04,483 | INFO | XP_MT5_BOT | Preço Atual: 10051.74 | Sinal Gerado: HOLD
2025-12-04 23:34:04,483 | INFO | XP_MT5_BOT | Posição aberta. Monitorando SL/TP...
2025-12-04 23:34:14,491 | INFO | XP_MT5_BOT | Preço Atual: 10050.98 | Sinal Gerado: HOLD
2025-12-04 23:34:14,492 | INFO | XP_MT5_BOT | Posição aberta. Monitorando SL/TP...
2025-12-04 23:34:24,508 | INFO | XP_MT5_BOT | Preço Atual: 10050.94 | Sinal Gerado: HOLD
2025-12-04 23:34:24,508 | INFO | XP_MT5_BOT | Posição aberta. Monitorando SL/TP...
2025-12-04 23:34:34,529 | INFO | XP_MT5_BOT | Preço Atual: 10050.40 | Sinal Gerado: BUY
2025-12-04 23:34:34,530 | INFO | XP_MT5_BOT | Posição aberta. Monitorando SL/TP...
2025-12-04 23:34:44,552 | INFO | XP_MT5_BOT | Preço Atual: 10045.60 | Sinal Gerado: BUY
2025-12-04 23:34:44,553 | INFO | XP_MT5_BOT | Posição aberta. Monitorando SL/TP...
2025-12-04 23:34:54,572 | INFO | XP_MT5_BOT | Preço Atual: 10053.31 | Sinal Gerado: BUY
2025-12-04 23:34:54,572 | INFO | XP_MT5_BOT | Posição aberta. Monitorando SL/TP...
2025-12-04 23:35:04,589 | INFO | XP_MT5_BOT | Preço Atual: 10051.06 | Sinal Gerado: HOLD
2025-12-04 23:35:04,590 | INFO | XP_MT5_BOT | Posição aberta. Monitorando SL/TP...
2025-12-04 23:35:14,602 | INFO | XP_MT5_BOT | Preço Atual: 10053.40 | Sinal Gerado: HOLD
2025-12-04 23:35:14,603 | INFO | XP_MT5_BOT | Posição aberta. Monitorando SL/TP...
2025-12-04 23:35:24,624 | INFO | XP_MT5_BOT | Preço Atual: 10054.01 | Sinal Gerado: HOLD
2025-12-04 23:35:24,625 | INFO | XP_MT5_BOT | Posição aberta. Monitorando SL/TP...
2025-12-04 23:35:34,637 | INFO | XP_MT5_BOT | Preço Atual: 10052.69 | Sinal Gerado: HOLD
2025-12-04 23:35:34,637 | INFO | XP_MT5_BOT | Posição aberta. Monitorando SL/TP...
2025-12-04 23:35:44,646 | INFO | XP_MT5_BOT | Preço Atual: 10046.09 | Sinal Gerado: BUY
2025-12-04 23:35:44,647 | INFO | XP_MT5_BOT | Posição aberta. Monitorando SL/TP...
2025-12-04 23:35:54,660 | INFO | XP_MT5_BOT | Preço Atual: 10053.26 | Sinal Gerado: HOLD
2025-12-04 23:35:54,661 | INFO | XP_MT5_BOT | Posição aberta. Monitorando SL/TP...
2025-12-04 23:36:04,686 | INFO | XP_MT5_BOT | Preço Atual: 10053.03 | Sinal Gerado: HOLD
2025-12-04 23:36:04,687 | INFO | XP_MT5_BOT | Posição aberta. Monitorando SL/TP...
2025-12-04 23:36:14,703 | INFO | XP_MT5_BOT | Preço Atual: 10054.94 | Sinal Gerado: HOLD
2025-12-04 23:36:14,704 | INFO | XP_MT5_BOT | Posição aberta. Monitorando SL/TP...
2025-12-04 23:36:24,720 | INFO | XP_MT5_BOT | Preço Atual: 10046.95 | Sinal Gerado: HOLD
2025-12-04 23:36:24,721 | INFO | XP_MT5_BOT | Posição aberta. Monitorando SL/TP...
2025-12-04 23:36:34,746 | INFO | XP_MT5_BOT | Preço Atual: 10053.80 | Sinal Gerado: BUY
2025-12-04 23:36:34,746 | INFO | XP_MT5_BOT | Posição aberta. Monitorando SL/TP...
2025-12-04 23:36:44,764 | INFO | XP_MT5_BOT | Preço Atual: 10045.44 | Sinal Gerado: HOLD
2025-12-04 23:36:44,765 | INFO | XP_MT5_BOT | Posição aberta. Monitorando SL/TP...
2025-12-04 23:36:54,784 | INFO | XP_MT5_BOT | Preço Atual: 10054.91 | Sinal Gerado: BUY
2025-12-04 23:36:54,785 | INFO | XP_MT5_BOT | Posição aberta. Monitorando SL/TP...
2025-12-04 23:37:04,793 | INFO | XP_MT5_BOT | Preço Atual: 10050.55 | Sinal Gerado: HOLD
2025-12-04 23:37:04,793 | INFO | XP_MT5_BOT | Posição aberta. Monitorando SL/TP...
2025-12-04 23:37:14,813 | INFO | XP_MT5_BOT | Preço Atual: 10051.05 | Sinal Gerado: BUY
2025-12-04 23:37:14,814 | INFO | XP_MT5_BOT | Posição aberta. Monitorando SL/TP...
2025-12-04 23:37:24,823 | INFO | XP_MT5_BOT | Preço Atual: 10053.85 | Sinal Gerado: BUY
2025-12-04 23:37:24,824 | INFO | XP_MT5_BOT | Posição aberta. Monitorando SL/TP...
2025-12-04 23:37:34,844 | INFO | XP_MT5_BOT | Preço Atual: 10054.63 | Sinal Gerado: BUY
2025-12-04 23:37:34,845 | INFO | XP_MT5_BOT | Posição aberta. Monitorando SL/TP...
2025-12-04 23:37:44,859 | INFO | XP_MT5_BOT | Preço Atual: 10047.61 | Sinal Gerado: BUY
2025-12-04 23:37:44,860 | INFO | XP_MT5_BOT | Posição aberta. Monitorando SL/TP...
2025-12-04 23:37:54,870 | INFO | XP_MT5_BOT | Preço Atual: 10049.02 | Sinal Gerado: HOLD
2025-12-04 23:37:54,871 | INFO | XP_MT5_BOT | Posição aberta. Monitorando SL/TP...
2025-12-04 23:38:04,883 | INFO | XP_MT5_BOT | Preço Atual: 10054.53 | Sinal Gerado: BUY
2025-12-04 23:38:04,883 | INFO | XP_MT5_BOT | Posição aberta. Monitorando SL/TP...
2025-12-04 23:38:14,895 | INFO | XP_MT5_BOT | Preço Atual: 10047.81 | Sinal Gerado: HOLD
2025-12-04 23:38:14,896 | INFO | XP_MT5_BOT | Posição aberta. Monitorando SL/TP...
2025-12-04 23:38:24,914 | INFO | XP_MT5_BOT | Preço Atual: 10052.17 | Sinal Gerado: HOLD
2025-12-04 23:38:24,915 | INFO | XP_MT5_BOT | Posição aberta. Monitorando SL/TP...
2025-12-04 23:38:34,925 | INFO | XP_MT5_BOT | Preço Atual: 10052.62 | Sinal Gerado: HOLD
2025-12-04 23:38:34,925 | INFO | XP_MT5_BOT | Posição aberta. Monitorando SL/TP...
2025-12-04 23:38:44,939 | INFO | XP_MT5_BOT | Preço Atual: 10054.26 | Sinal Gerado: BUY
2025-12-04 23:38:44,940 | INFO | XP_MT5_BOT | Posição aberta. Monitorando SL/TP...
2025-12-04 23:38:54,951 | INFO | XP_MT5_BOT | Preço Atual: 10054.69 | Sinal Gerado: BUY
2025-12-04 23:38:54,952 | INFO | XP_MT5_BOT | Posição aberta. Monitorando SL/TP...
2025-12-04 23:39:04,971 | INFO | XP_MT5_BOT | Preço Atual: 10050.30 | Sinal Gerado: HOLD
2025-12-04 23:39:04,971 | INFO | XP_MT5_BOT | Posição aberta. Monitorando SL/TP...
2025-12-04 23:39:14,980 | INFO | XP_MT5_BOT | Preço Atual: 10050.10 | Sinal Gerado: HOLD
2025-12-04 23:39:14,980 | INFO | XP_MT5_BOT | Posição aberta. Monitorando SL/TP...
2025-12-04 23:39:24,995 | INFO | XP_MT5_BOT | Preço Atual: 10048.21 | Sinal Gerado: BUY
2025-12-04 23:39:24,995 | INFO | XP_MT5_BOT | Posição aberta. Monitorando SL/TP...
2025-12-04 23:39:35,005 | INFO | XP_MT5_BOT | Preço Atual: 10051.10 | Sinal Gerado: BUY
2025-12-04 23:39:35,006 | INFO | XP_MT5_BOT | Posição aberta. Monitorando SL/TP...
2025-12-04 23:39:45,030 | INFO | XP_MT5_BOT | Preço Atual: 10046.67 | Sinal Gerado: BUY
2025-12-04 23:39:45,030 | INFO | XP_MT5_BOT | Posição aberta. Monitorando SL/TP...
2025-12-04 23:39:55,054 | INFO | XP_MT5_BOT | Preço Atual: 10050.03 | Sinal Gerado: BUY
2025-12-04 23:39:55,055 | INFO | XP_MT5_BOT | Posição aberta. Monitorando SL/TP...
2025-12-04 23:40:05,074 | INFO | XP_MT5_BOT | Preço Atual: 10050.66 | Sinal Gerado: HOLD
2025-12-04 23:40:05,075 | INFO | XP_MT5_BOT | Posição aberta. Monitorando SL/TP...
2025-12-04 23:40:15,095 | INFO | XP_MT5_BOT | Preço Atual: 10049.24 | Sinal Gerado: HOLD
2025-12-04 23:40:15,096 | INFO | XP_MT5_BOT | Posição aberta. Monitorando SL/TP...
2025-12-04 23:40:25,112 | INFO | XP_MT5_BOT | Preço Atual: 10054.05 | Sinal Gerado: BUY
2025-12-04 23:40:25,113 | INFO | XP_MT5_BOT | Posição aberta. Monitorando SL/TP...
2025-12-04 23:40:35,126 | INFO | XP_MT5_BOT | Preço Atual: 10054.83 | Sinal Gerado: HOLD
2025-12-04 23:40:35,127 | INFO | XP_MT5_BOT | Posição aberta. Monitorando SL/TP...
2025-12-04 23:40:45,149 | INFO | XP_MT5_BOT | Preço Atual: 10048.31 | Sinal Gerado: HOLD
2025-12-04 23:40:45,150 | INFO | XP_MT5_BOT | Posição aberta. Monitorando SL/TP...
2025-12-04 23:40:55,174 | INFO | XP_MT5_BOT | Preço Atual: 10052.62 | Sinal Gerado: HOLD
2025-12-04 23:40:55,175 | INFO | XP_MT5_BOT | Posição aberta. Monitorando SL/TP...
2025-12-04 23:41:05,197 | INFO | XP_MT5_BOT | Preço Atual: 10054.33 | Sinal Gerado: BUY
2025-12-04 23:41:05,198 | INFO | XP_MT5_BOT | Posição aberta. Monitorando SL/TP...
2025-12-04 23:41:15,219 | INFO | XP_MT5_BOT | Preço Atual: 10051.70 | Sinal Gerado: HOLD
2025-12-04 23:41:15,220 | INFO | XP_MT5_BOT | Posição aberta. Monitorando SL/TP...
2025-12-04 23:41:25,241 | INFO | XP_MT5_BOT | Preço Atual: 10047.35 | Sinal Gerado: BUY
2025-12-04 23:41:25,242 | INFO | XP_MT5_BOT | Posição aberta. Monitorando SL/TP...
2025-12-04 23:41:35,261 | INFO | XP_MT5_BOT | Preço Atual: 10053.08 | Sinal Gerado: BUY
2025-12-04 23:41:35,262 | INFO | XP_MT5_BOT | Posição aberta. Monitorando SL/TP...
2025-12-04 23:41:45,281 | INFO | XP_MT5_BOT | Preço Atual: 10053.89 | Sinal Gerado: BUY
2025-12-04 23:41:45,282 | INFO | XP_MT5_BOT | Posição aberta. Monitorando SL/TP...
2025-12-04 23:41:55,302 | INFO | XP_MT5_BOT | Preço Atual: 10049.89 | Sinal Gerado: BUY
2025-12-04 23:41:55,304 | INFO | XP_MT5_BOT | Posição aberta. Monitorando SL/TP...
2025-12-04 23:42:05,317 | INFO | XP_MT5_BOT | Preço Atual: 10054.68 | Sinal Gerado: HOLD
2025-12-04 23:42:05,318 | INFO | XP_MT5_BOT | Posição aberta. Monitorando SL/TP...
2025-12-04 23:42:15,343 | INFO | XP_MT5_BOT | Preço Atual: 10054.55 | Sinal Gerado: BUY
2025-12-04 23:42:15,344 | INFO | XP_MT5_BOT | Posição aberta. Monitorando SL/TP...
2025-12-04 23:42:21,523 | INFO | XP_MT5_BOT | Loop interrompido pelo usuário (CTRL+C). Encerrando Executor.
2025-12-04 23:42:21,524 | INFO | XP_MT5_BOT | Robô encerrado.
2025-12-04 23:42:21,525 | INFO | XP_MT5_BOT | Programa finalizado com sucesso.
