2025-12-04 23:49:40,001 | INFO | XP_MT5_BOT | ================================================
2025-12-04 23:49:40,002 | INFO | XP_MT5_BOT | INICIANDO ROBÔ DE DAY TRADE AUTÔNOMO
2025-12-04 23:49:40,002 | INFO | XP_MT5_BOT | ================================================
2025-12-04 23:49:40,002 | INFO | XP_MT5_BOT | Gerenciador de Risco inicializado.
2025-12-04 23:49:40,003 | INFO | XP_MT5_BOT | Gerenciador de Risco inicializado.
2025-12-04 23:49:40,003 | WARNING | XP_MT5_BOT | Volume calculado (12) excede o limite máximo (5). Usando limite.
2025-12-04 23:49:40,003 | INFO | XP_MT5_BOT | SL: 20 pontos. Risco por contrato: R$ 4.00. Volume calculado: 5 contrato(s).
2025-12-04 23:49:40,006 | INFO | XP_MT5_BOT | Confirmador de Sinal inicializado. Filtro de Tendência: EMA 200.
2025-12-04 23:49:40,006 | INFO | XP_MT5_BOT | Executor inicializado para WINJ25 em 60.
2025-12-04 23:49:40,007 | INFO | XP_MT5_BOT | Tentando conectar ao servidor de API da Corretora...
2025-12-04 23:49:41,018 | INFO | XP_MT5_BOT | Conexão com a API estabelecida com sucesso.
2025-12-04 23:49:41,019 | INFO | XP_MT5_BOT | Iniciando loop de execução autônomo. Pressione CTRL+C para parar.
2025-12-04 23:49:41,026 | INFO | XP_MT5_BOT | Preço Atual: 10053.58 | Sinal Primário: BUY | Sinal FINAL: HOLD
2025-12-04 23:49:51,050 | INFO | XP_MT5_BOT | Preço Atual: 10047.65 | Sinal Primário: BUY | Sinal FINAL: HOLD
2025-12-04 23:50:01,069 | INFO | XP_MT5_BOT | Preço Atual: 10047.25 | Sinal Primário: HOLD | Sinal FINAL: HOLD
2025-12-04 23:50:11,080 | INFO | XP_MT5_BOT | Preço Atual: 10053.46 | Sinal Primário: BUY | Sinal FINAL: HOLD
2025-12-04 23:50:21,105 | INFO | XP_MT5_BOT | Preço Atual: 10054.10 | Sinal Primário: BUY | Sinal FINAL: HOLD
2025-12-04 23:50:31,114 | INFO | XP_MT5_BOT | Preço Atual: 10045.66 | Sinal Primário: BUY | Sinal FINAL: HOLD
2025-12-04 23:50:41,125 | INFO | XP_MT5_BOT | Preço Atual: 10052.09 | Sinal Primário: HOLD | Sinal FINAL: HOLD
2025-12-04 23:50:51,135 | INFO | XP_MT5_BOT | Preço Atual: 10047.40 | Sinal Primário: HOLD | Sinal FINAL: HOLD
2025-12-04 23:51:01,153 | INFO | XP_MT5_BOT | Preço Atual: 10045.59 | Sinal Primário: BUY | Sinal FINAL: HOLD
2025-12-04 23:51:11,167 | INFO | XP_MT5_BOT | Preço Atual: 10052.20 | Sinal Primário: HOLD | Sinal FINAL: HOLD
2025-12-04 23:51:21,193 | INFO | XP_MT5_BOT | Preço Atual: 10053.16 | Sinal Primário: BUY | Sinal FINAL: HOLD
2025-12-04 23:51:31,209 | INFO | XP_MT5_BOT | Preço Atual: 10049.75 | Sinal Primário: BUY | Sinal FINAL: HOLD
2025-12-04 23:51:41,223 | INFO | XP_MT5_BOT | Preço Atual: 10046.49 | Sinal Primário: BUY | Sinal FINAL: HOLD
2025-12-04 23:51:51,234 | INFO | XP_MT5_BOT | Preço Atual: 10047.22 | Sinal Primário: HOLD | Sinal FINAL: HOLD
2025-12-04 23:52:01,253 | INFO | XP_MT5_BOT | Preço Atual: 10052.56 | Sinal Primário: HOLD | Sinal FINAL: HOLD
2025-12-04 23:52:11,275 | INFO | XP_MT5_BOT | Preço Atual: 10052.59 | Sinal Primário: BUY | Sinal FINAL: HOLD
2025-12-04 23:52:21,292 | INFO | XP_MT5_BOT | Preço Atual: 10051.86 | Sinal Primário: BUY | Sinal FINAL: HOLD
2025-12-04 23:52:24,335 | INFO | XP_MT5_BOT | Loop interrompido pelo usuário (CTRL+C). Encerrando Executor.
2025-12-04 23:52:24,336 | INFO | XP_MT5_BOT | Robô encerrado.
2025-12-04 23:52:24,337 | INFO | XP_MT5_BOT | Programa finalizado com sucesso.
